Oct 25 13:45:49 +0200 OX-671b84ecca9ea [    error]  Unable to drop table rv_account_preference_assoc
Oct 25 13:45:49 +0200 OX-671b84ecca9ea [    error]  Unable to drop the table account_preference_assoc
Oct 25 13:45:49 +0200 OX-671b84ecca9ea [    error]  Unable to drop table rv_account_user_assoc
Oct 25 13:45:49 +0200 OX-671b84ecca9ea [    error]  Unable to drop the table account_user_assoc
Oct 25 13:45:49 +0200 OX-671b84ecca9ea [    error]  Unable to drop table rv_account_user_permission_assoc
Oct 25 13:45:49 +0200 OX-671b84ecca9ea [    error]  Unable to drop the table account_user_permission_assoc
Oct 25 13:45:49 +0200 OX-671b84ecca9ea [    error]  Unable to drop table rv_accounts
Oct 25 13:45:49 +0200 OX-671b84ecca9ea [    error]  Unable to drop the table accounts
Oct 25 13:45:49 +0200 OX-671b84ecca9ea [    error]  Unable to drop table rv_acls
Oct 25 13:45:49 +0200 OX-671b84ecca9ea [    error]  Unable to drop the table acls
Oct 25 13:45:49 +0200 OX-671b84ecca9ea [    error]  Unable to drop table rv_acls_channel
Oct 25 13:45:49 +0200 OX-671b84ecca9ea [    error]  Unable to drop the table acls_channel
Oct 25 13:45:49 +0200 OX-671b84ecca9ea [    error]  Unable to drop table rv_ad_category_assoc
Oct 25 13:45:49 +0200 OX-671b84ecca9ea [    error]  Unable to drop the table ad_category_assoc
Oct 25 13:45:49 +0200 OX-671b84ecca9ea [    error]  Unable to drop table rv_ad_zone_assoc
Oct 25 13:45:49 +0200 OX-671b84ecca9ea [    error]  Unable to drop the table ad_zone_assoc
Oct 25 13:45:49 +0200 OX-671b84ecca9ea [    error]  Unable to drop table rv_affiliates
Oct 25 13:45:49 +0200 OX-671b84ecca9ea [    error]  Unable to drop the table affiliates
Oct 25 13:45:49 +0200 OX-671b84ecca9ea [    error]  Unable to drop table rv_affiliates_extra
Oct 25 13:45:49 +0200 OX-671b84ecca9ea [    error]  Unable to drop the table affiliates_extra
Oct 25 13:45:49 +0200 OX-671b84ecca9ea [    error]  Unable to drop table rv_agency
Oct 25 13:45:49 +0200 OX-671b84ecca9ea [    error]  Unable to drop the table agency
Oct 25 13:45:49 +0200 OX-671b84ecca9ea [    error]  Unable to drop table rv_application_variable
Oct 25 13:45:49 +0200 OX-671b84ecca9ea [    error]  Unable to drop the table application_variable
Oct 25 13:45:49 +0200 OX-671b84ecca9ea [    error]  Unable to drop table rv_audit
Oct 25 13:45:49 +0200 OX-671b84ecca9ea [    error]  Unable to drop the table audit
Oct 25 13:45:49 +0200 OX-671b84ecca9ea [    error]  Unable to drop table rv_banners
Oct 25 13:45:49 +0200 OX-671b84ecca9ea [    error]  Unable to drop the table banners
Oct 25 13:45:49 +0200 OX-671b84ecca9ea [    error]  Unable to drop table rv_campaigns
Oct 25 13:45:49 +0200 OX-671b84ecca9ea [    error]  Unable to drop the table campaigns
Oct 25 13:45:49 +0200 OX-671b84ecca9ea [    error]  Unable to drop table rv_campaigns_trackers
Oct 25 13:45:49 +0200 OX-671b84ecca9ea [    error]  Unable to drop the table campaigns_trackers
Oct 25 13:45:49 +0200 OX-671b84ecca9ea [    error]  Unable to drop table rv_category
Oct 25 13:45:49 +0200 OX-671b84ecca9ea [    error]  Unable to drop the table category
Oct 25 13:45:49 +0200 OX-671b84ecca9ea [    error]  Unable to drop table rv_channel
Oct 25 13:45:49 +0200 OX-671b84ecca9ea [    error]  Unable to drop the table channel
Oct 25 13:45:49 +0200 OX-671b84ecca9ea [    error]  Unable to drop table rv_clients
Oct 25 13:45:49 +0200 OX-671b84ecca9ea [    error]  Unable to drop the table clients
Oct 25 13:45:49 +0200 OX-671b84ecca9ea [    error]  Unable to drop table rv_data_intermediate_ad
Oct 25 13:45:49 +0200 OX-671b84ecca9ea [    error]  Unable to drop the table data_intermediate_ad
Oct 25 13:45:49 +0200 OX-671b84ecca9ea [    error]  Unable to drop table rv_data_intermediate_ad_connection
Oct 25 13:45:49 +0200 OX-671b84ecca9ea [    error]  Unable to drop the table data_intermediate_ad_connection
Oct 25 13:45:49 +0200 OX-671b84ecca9ea [    error]  Unable to drop table rv_data_intermediate_ad_variable_value
Oct 25 13:45:49 +0200 OX-671b84ecca9ea [    error]  Unable to drop the table data_intermediate_ad_variable_value
Oct 25 13:45:49 +0200 OX-671b84ecca9ea [    error]  Unable to drop table rv_data_raw_ad_click
Oct 25 13:45:49 +0200 OX-671b84ecca9ea [    error]  Unable to drop the table data_raw_ad_click
Oct 25 13:45:49 +0200 OX-671b84ecca9ea [    error]  Unable to drop table rv_data_raw_ad_impression
Oct 25 13:45:49 +0200 OX-671b84ecca9ea [    error]  Unable to drop the table data_raw_ad_impression
Oct 25 13:45:49 +0200 OX-671b84ecca9ea [    error]  Unable to drop table rv_data_raw_ad_request
Oct 25 13:45:49 +0200 OX-671b84ecca9ea [    error]  Unable to drop the table data_raw_ad_request
Oct 25 13:45:49 +0200 OX-671b84ecca9ea [    error]  Unable to drop table rv_data_raw_tracker_impression
Oct 25 13:45:49 +0200 OX-671b84ecca9ea [    error]  Unable to drop the table data_raw_tracker_impression
Oct 25 13:45:49 +0200 OX-671b84ecca9ea [    error]  Unable to drop table rv_data_raw_tracker_variable_value
Oct 25 13:45:49 +0200 OX-671b84ecca9ea [    error]  Unable to drop the table data_raw_tracker_variable_value
Oct 25 13:45:49 +0200 OX-671b84ecca9ea [    error]  Unable to drop table rv_data_summary_ad_hourly
Oct 25 13:45:49 +0200 OX-671b84ecca9ea [    error]  Unable to drop the table data_summary_ad_hourly
Oct 25 13:45:49 +0200 OX-671b84ecca9ea [    error]  Unable to drop table rv_data_summary_ad_zone_assoc
Oct 25 13:45:49 +0200 OX-671b84ecca9ea [    error]  Unable to drop the table data_summary_ad_zone_assoc
Oct 25 13:45:49 +0200 OX-671b84ecca9ea [    error]  Unable to drop table rv_data_summary_channel_daily
Oct 25 13:45:49 +0200 OX-671b84ecca9ea [    error]  Unable to drop the table data_summary_channel_daily
Oct 25 13:45:49 +0200 OX-671b84ecca9ea [    error]  Unable to drop table rv_data_summary_zone_impression_history
Oct 25 13:45:49 +0200 OX-671b84ecca9ea [    error]  Unable to drop the table data_summary_zone_impression_history
Oct 25 13:45:49 +0200 OX-671b84ecca9ea [    error]  Unable to drop table rv_images
Oct 25 13:45:49 +0200 OX-671b84ecca9ea [    error]  Unable to drop the table images
Oct 25 13:45:49 +0200 OX-671b84ecca9ea [    error]  Unable to drop table rv_log_maintenance_forecasting
Oct 25 13:45:49 +0200 OX-671b84ecca9ea [    error]  Unable to drop the table log_maintenance_forecasting
Oct 25 13:45:49 +0200 OX-671b84ecca9ea [    error]  Unable to drop table rv_log_maintenance_priority
Oct 25 13:45:49 +0200 OX-671b84ecca9ea [    error]  Unable to drop the table log_maintenance_priority
Oct 25 13:45:49 +0200 OX-671b84ecca9ea [    error]  Unable to drop table rv_log_maintenance_statistics
Oct 25 13:45:49 +0200 OX-671b84ecca9ea [    error]  Unable to drop the table log_maintenance_statistics
Oct 25 13:45:49 +0200 OX-671b84ecca9ea [    error]  Unable to drop table rv_password_recovery
Oct 25 13:45:49 +0200 OX-671b84ecca9ea [    error]  Unable to drop the table password_recovery
Oct 25 13:45:49 +0200 OX-671b84ecca9ea [    error]  Unable to drop table rv_placement_zone_assoc
Oct 25 13:45:49 +0200 OX-671b84ecca9ea [    error]  Unable to drop the table placement_zone_assoc
Oct 25 13:45:49 +0200 OX-671b84ecca9ea [    error]  Unable to drop table rv_preferences
Oct 25 13:45:49 +0200 OX-671b84ecca9ea [    error]  Unable to drop the table preferences
Oct 25 13:45:49 +0200 OX-671b84ecca9ea [    error]  Unable to drop table rv_session
Oct 25 13:45:49 +0200 OX-671b84ecca9ea [    error]  Unable to drop the table session
Oct 25 13:45:49 +0200 OX-671b84ecca9ea [    error]  Unable to drop table rv_targetstats
Oct 25 13:45:49 +0200 OX-671b84ecca9ea [    error]  Unable to drop the table targetstats
Oct 25 13:45:49 +0200 OX-671b84ecca9ea [    error]  Unable to drop table rv_tracker_append
Oct 25 13:45:49 +0200 OX-671b84ecca9ea [    error]  Unable to drop the table tracker_append
Oct 25 13:45:49 +0200 OX-671b84ecca9ea [    error]  Unable to drop table rv_trackers
Oct 25 13:45:49 +0200 OX-671b84ecca9ea [    error]  Unable to drop the table trackers
Oct 25 13:45:49 +0200 OX-671b84ecca9ea [    error]  Unable to drop table rv_userlog
Oct 25 13:45:49 +0200 OX-671b84ecca9ea [    error]  Unable to drop the table userlog
Oct 25 13:45:49 +0200 OX-671b84ecca9ea [    error]  Unable to drop table rv_users
Oct 25 13:45:49 +0200 OX-671b84ecca9ea [    error]  Unable to drop the table users
Oct 25 13:45:49 +0200 OX-671b84ecca9ea [    error]  Unable to drop table rv_variable_publisher
Oct 25 13:45:49 +0200 OX-671b84ecca9ea [    error]  Unable to drop the table variable_publisher
Oct 25 13:45:49 +0200 OX-671b84ecca9ea [    error]  Unable to drop table rv_variables
Oct 25 13:45:49 +0200 OX-671b84ecca9ea [    error]  Unable to drop the table variables
Oct 25 13:45:49 +0200 OX-671b84ecca9ea [    error]  Unable to drop table rv_zones
Oct 25 13:45:49 +0200 OX-671b84ecca9ea [    error]  Unable to drop the table zones
Oct 25 13:47:15 +0200 OX-plugins-671b8543409f0 [     info]  starting _checkPackageContents openXBannerTypes.xml
Oct 25 13:47:15 +0200 OX-plugins-671b8543409f0 [     info]  expecting definition openXBannerTypes.xml
Oct 25 13:47:15 +0200 OX-plugins-671b8543409f0 [     info]  detected plugin definition file /plugins/etc/openXBannerTypes.xml
Oct 25 13:47:15 +0200 OX-plugins-671b8543409f0 [     info]  detected group definition file /plugins/etc/oxHtml/oxHtml.xml
Oct 25 13:47:15 +0200 OX-plugins-671b8543409f0 [     info]  detected group definition file /plugins/etc/oxText/oxText.xml
Oct 25 13:47:15 +0200 OX-plugins-671b8543409f0 [     info]  Executing _checkOpenXCompatibility for oxHtml
Oct 25 13:47:15 +0200 OX-plugins-671b8543409f0 [     info]  Executing _checkSystemEnvironment for oxHtml
Oct 25 13:47:15 +0200 OX-plugins-671b8543409f0 [     info]  Executing _checkDatabaseEnvironment for oxHtml
Oct 25 13:47:15 +0200 OX-plugins-671b8543409f0 [     info]  Executing _runScript for oxHtml
Oct 25 13:47:15 +0200 OX-plugins-671b8543409f0 [     info]  Executing _checkDependenciesForInstallOrEnable for oxHtml
Oct 25 13:47:15 +0200 OX-plugins-671b8543409f0 [     info]  Executing _checkFiles for oxHtml
Oct 25 13:47:15 +0200 OX-plugins-671b8543409f0 [     info]  Executing _checkNavigationCheckers for oxHtml
Oct 25 13:47:15 +0200 OX-plugins-671b8543409f0 [     info]  Executing _checkMenus for oxHtml
Oct 25 13:47:15 +0200 OX-plugins-671b8543409f0 [     info]  Executing _registerSchema for oxHtml
Oct 25 13:47:15 +0200 OX-plugins-671b8543409f0 [     info]  Executing _registerPreferences for oxHtml
Oct 25 13:47:15 +0200 OX-plugins-671b8543409f0 [     info]  Executing _registerSettings for oxHtml
Oct 25 13:47:15 +0200 OX-plugins-671b8543409f0 [     info]  Executing disableComponentGroup for oxHtml
Oct 25 13:47:15 +0200 OX-plugins-671b8543409f0 [     info]  Executing _registerPluginVersion for oxHtml
Oct 25 13:47:15 +0200 OX-plugins-671b8543409f0 [     info]  Executing _runScript for oxHtml
Oct 25 13:47:15 +0200 OX-plugins-671b8543409f0 [     info]  Executing _checkOpenXCompatibility for oxText
Oct 25 13:47:15 +0200 OX-plugins-671b8543409f0 [     info]  Executing _checkSystemEnvironment for oxText
Oct 25 13:47:15 +0200 OX-plugins-671b8543409f0 [     info]  Executing _checkDatabaseEnvironment for oxText
Oct 25 13:47:15 +0200 OX-plugins-671b8543409f0 [     info]  Executing _runScript for oxText
Oct 25 13:47:15 +0200 OX-plugins-671b8543409f0 [     info]  Executing _checkDependenciesForInstallOrEnable for oxText
Oct 25 13:47:15 +0200 OX-plugins-671b8543409f0 [     info]  Executing _checkFiles for oxText
Oct 25 13:47:15 +0200 OX-plugins-671b8543409f0 [     info]  Executing _checkNavigationCheckers for oxText
Oct 25 13:47:15 +0200 OX-plugins-671b8543409f0 [     info]  Executing _checkMenus for oxText
Oct 25 13:47:15 +0200 OX-plugins-671b8543409f0 [     info]  Executing _registerSchema for oxText
Oct 25 13:47:15 +0200 OX-plugins-671b8543409f0 [     info]  Executing _registerPreferences for oxText
Oct 25 13:47:15 +0200 OX-plugins-671b8543409f0 [     info]  Executing _registerSettings for oxText
Oct 25 13:47:15 +0200 OX-plugins-671b8543409f0 [     info]  Executing disableComponentGroup for oxText
Oct 25 13:47:15 +0200 OX-plugins-671b8543409f0 [     info]  Executing _registerPluginVersion for oxText
Oct 25 13:47:15 +0200 OX-plugins-671b8543409f0 [     info]  Executing _runScript for oxText
Oct 25 13:47:18 +0200 OX-plugins-671b85466f5fc [     info]  starting _checkPackageContents openXDeliveryLimitations.xml
Oct 25 13:47:18 +0200 OX-plugins-671b85466f5fc [     info]  expecting definition openXDeliveryLimitations.xml
Oct 25 13:47:18 +0200 OX-plugins-671b85466f5fc [     info]  detected group definition file /plugins/etc/Time/Time.xml
Oct 25 13:47:18 +0200 OX-plugins-671b85466f5fc [     info]  detected plugin definition file /plugins/etc/openXDeliveryLimitations.xml
Oct 25 13:47:18 +0200 OX-plugins-671b85466f5fc [     info]  detected group definition file /plugins/etc/Site/Site.xml
Oct 25 13:47:18 +0200 OX-plugins-671b85466f5fc [     info]  detected group definition file /plugins/etc/Client/Client.xml
Oct 25 13:47:18 +0200 OX-plugins-671b85466f5fc [     info]  detected group definition file /plugins/etc/Geo/Geo.xml
Oct 25 13:47:19 +0200 OX-plugins-671b85466f5fc [     info]  Executing _checkOpenXCompatibility for Client
Oct 25 13:47:19 +0200 OX-plugins-671b85466f5fc [     info]  Executing _checkSystemEnvironment for Client
Oct 25 13:47:19 +0200 OX-plugins-671b85466f5fc [     info]  Executing _checkDatabaseEnvironment for Client
Oct 25 13:47:19 +0200 OX-plugins-671b85466f5fc [     info]  Executing _runScript for Client
Oct 25 13:47:19 +0200 OX-plugins-671b85466f5fc [     info]  Executing _checkDependenciesForInstallOrEnable for Client
Oct 25 13:47:19 +0200 OX-plugins-671b85466f5fc [     info]  Executing _checkFiles for Client
Oct 25 13:47:19 +0200 OX-plugins-671b85466f5fc [     info]  Executing _checkNavigationCheckers for Client
Oct 25 13:47:19 +0200 OX-plugins-671b85466f5fc [     info]  Executing _checkMenus for Client
Oct 25 13:47:19 +0200 OX-plugins-671b85466f5fc [     info]  Executing _registerSchema for Client
Oct 25 13:47:19 +0200 OX-plugins-671b85466f5fc [     info]  Executing _registerPreferences for Client
Oct 25 13:47:19 +0200 OX-plugins-671b85466f5fc [     info]  Executing _registerSettings for Client
Oct 25 13:47:19 +0200 OX-plugins-671b85466f5fc [     info]  Executing disableComponentGroup for Client
Oct 25 13:47:19 +0200 OX-plugins-671b85466f5fc [     info]  Executing _registerPluginVersion for Client
Oct 25 13:47:19 +0200 OX-plugins-671b85466f5fc [     info]  Executing _runScript for Client
Oct 25 13:47:19 +0200 OX-plugins-671b85466f5fc [     info]  Executing _checkOpenXCompatibility for Geo
Oct 25 13:47:19 +0200 OX-plugins-671b85466f5fc [     info]  Executing _checkSystemEnvironment for Geo
Oct 25 13:47:19 +0200 OX-plugins-671b85466f5fc [     info]  Executing _checkDatabaseEnvironment for Geo
Oct 25 13:47:19 +0200 OX-plugins-671b85466f5fc [     info]  Executing _runScript for Geo
Oct 25 13:47:19 +0200 OX-plugins-671b85466f5fc [     info]  Executing _checkDependenciesForInstallOrEnable for Geo
Oct 25 13:47:19 +0200 OX-plugins-671b85466f5fc [     info]  Executing _checkFiles for Geo
Oct 25 13:47:19 +0200 OX-plugins-671b85466f5fc [     info]  Executing _checkNavigationCheckers for Geo
Oct 25 13:47:19 +0200 OX-plugins-671b85466f5fc [     info]  Executing _checkMenus for Geo
Oct 25 13:47:19 +0200 OX-plugins-671b85466f5fc [     info]  Executing _registerSchema for Geo
Oct 25 13:47:19 +0200 OX-plugins-671b85466f5fc [     info]  Executing _registerPreferences for Geo
Oct 25 13:47:19 +0200 OX-plugins-671b85466f5fc [     info]  Executing _registerSettings for Geo
Oct 25 13:47:19 +0200 OX-plugins-671b85466f5fc [     info]  Executing disableComponentGroup for Geo
Oct 25 13:47:19 +0200 OX-plugins-671b85466f5fc [     info]  Executing _registerPluginVersion for Geo
Oct 25 13:47:19 +0200 OX-plugins-671b85466f5fc [     info]  Executing _runScript for Geo
Oct 25 13:47:19 +0200 OX-plugins-671b85466f5fc [     info]  Executing _checkOpenXCompatibility for Site
Oct 25 13:47:19 +0200 OX-plugins-671b85466f5fc [     info]  Executing _checkSystemEnvironment for Site
Oct 25 13:47:19 +0200 OX-plugins-671b85466f5fc [     info]  Executing _checkDatabaseEnvironment for Site
Oct 25 13:47:19 +0200 OX-plugins-671b85466f5fc [     info]  Executing _runScript for Site
Oct 25 13:47:19 +0200 OX-plugins-671b85466f5fc [     info]  Executing _checkDependenciesForInstallOrEnable for Site
Oct 25 13:47:19 +0200 OX-plugins-671b85466f5fc [     info]  Executing _checkFiles for Site
Oct 25 13:47:19 +0200 OX-plugins-671b85466f5fc [     info]  Executing _checkNavigationCheckers for Site
Oct 25 13:47:19 +0200 OX-plugins-671b85466f5fc [     info]  Executing _checkMenus for Site
Oct 25 13:47:19 +0200 OX-plugins-671b85466f5fc [     info]  Executing _registerSchema for Site
Oct 25 13:47:19 +0200 OX-plugins-671b85466f5fc [     info]  Executing _registerPreferences for Site
Oct 25 13:47:19 +0200 OX-plugins-671b85466f5fc [     info]  Executing _registerSettings for Site
Oct 25 13:47:19 +0200 OX-plugins-671b85466f5fc [     info]  Executing disableComponentGroup for Site
Oct 25 13:47:19 +0200 OX-plugins-671b85466f5fc [     info]  Executing _registerPluginVersion for Site
Oct 25 13:47:19 +0200 OX-plugins-671b85466f5fc [     info]  Executing _runScript for Site
Oct 25 13:47:19 +0200 OX-plugins-671b85466f5fc [     info]  Executing _checkOpenXCompatibility for Time
Oct 25 13:47:19 +0200 OX-plugins-671b85466f5fc [     info]  Executing _checkSystemEnvironment for Time
Oct 25 13:47:19 +0200 OX-plugins-671b85466f5fc [     info]  Executing _checkDatabaseEnvironment for Time
Oct 25 13:47:19 +0200 OX-plugins-671b85466f5fc [     info]  Executing _runScript for Time
Oct 25 13:47:19 +0200 OX-plugins-671b85466f5fc [     info]  Executing _checkDependenciesForInstallOrEnable for Time
Oct 25 13:47:19 +0200 OX-plugins-671b85466f5fc [     info]  Executing _checkFiles for Time
Oct 25 13:47:19 +0200 OX-plugins-671b85466f5fc [     info]  Executing _checkNavigationCheckers for Time
Oct 25 13:47:19 +0200 OX-plugins-671b85466f5fc [     info]  Executing _checkMenus for Time
Oct 25 13:47:19 +0200 OX-plugins-671b85466f5fc [     info]  Executing _registerSchema for Time
Oct 25 13:47:19 +0200 OX-plugins-671b85466f5fc [     info]  Executing _registerPreferences for Time
Oct 25 13:47:19 +0200 OX-plugins-671b85466f5fc [     info]  Executing _registerSettings for Time
Oct 25 13:47:19 +0200 OX-plugins-671b85466f5fc [     info]  Executing disableComponentGroup for Time
Oct 25 13:47:19 +0200 OX-plugins-671b85466f5fc [     info]  Executing _registerPluginVersion for Time
Oct 25 13:47:19 +0200 OX-plugins-671b85466f5fc [     info]  Executing _runScript for Time
Oct 25 13:47:22 +0200 OX-plugins-671b854a33256 [     info]  starting _checkPackageContents openXReports.xml
Oct 25 13:47:22 +0200 OX-plugins-671b854a33256 [     info]  expecting definition openXReports.xml
Oct 25 13:47:22 +0200 OX-plugins-671b854a33256 [     info]  detected plugin definition file /plugins/etc/openXReports.xml
Oct 25 13:47:22 +0200 OX-plugins-671b854a33256 [     info]  detected group definition file /plugins/etc/oxReportsStandard/oxReportsStandard.xml
Oct 25 13:47:22 +0200 OX-plugins-671b854a33256 [     info]  detected group definition file /plugins/etc/oxReportsAdmin/oxReportsAdmin.xml
Oct 25 13:47:23 +0200 OX-plugins-671b854a33256 [     info]  Executing _checkOpenXCompatibility for oxReportsStandard
Oct 25 13:47:23 +0200 OX-plugins-671b854a33256 [     info]  Executing _checkSystemEnvironment for oxReportsStandard
Oct 25 13:47:23 +0200 OX-plugins-671b854a33256 [     info]  Executing _checkDatabaseEnvironment for oxReportsStandard
Oct 25 13:47:23 +0200 OX-plugins-671b854a33256 [     info]  Executing _runScript for oxReportsStandard
Oct 25 13:47:23 +0200 OX-plugins-671b854a33256 [     info]  Executing _checkDependenciesForInstallOrEnable for oxReportsStandard
Oct 25 13:47:23 +0200 OX-plugins-671b854a33256 [     info]  Executing _checkFiles for oxReportsStandard
Oct 25 13:47:23 +0200 OX-plugins-671b854a33256 [     info]  Executing _checkNavigationCheckers for oxReportsStandard
Oct 25 13:47:23 +0200 OX-plugins-671b854a33256 [     info]  Executing _checkMenus for oxReportsStandard
Oct 25 13:47:23 +0200 OX-plugins-671b854a33256 [     info]  Executing _registerSchema for oxReportsStandard
Oct 25 13:47:23 +0200 OX-plugins-671b854a33256 [     info]  Executing _registerPreferences for oxReportsStandard
Oct 25 13:47:23 +0200 OX-plugins-671b854a33256 [     info]  Executing _registerSettings for oxReportsStandard
Oct 25 13:47:23 +0200 OX-plugins-671b854a33256 [     info]  Executing disableComponentGroup for oxReportsStandard
Oct 25 13:47:23 +0200 OX-plugins-671b854a33256 [     info]  Executing _registerPluginVersion for oxReportsStandard
Oct 25 13:47:23 +0200 OX-plugins-671b854a33256 [     info]  Executing _runScript for oxReportsStandard
Oct 25 13:47:23 +0200 OX-plugins-671b854a33256 [     info]  Executing _checkOpenXCompatibility for oxReportsAdmin
Oct 25 13:47:23 +0200 OX-plugins-671b854a33256 [     info]  Executing _checkSystemEnvironment for oxReportsAdmin
Oct 25 13:47:23 +0200 OX-plugins-671b854a33256 [     info]  Executing _checkDatabaseEnvironment for oxReportsAdmin
Oct 25 13:47:23 +0200 OX-plugins-671b854a33256 [     info]  Executing _runScript for oxReportsAdmin
Oct 25 13:47:23 +0200 OX-plugins-671b854a33256 [     info]  Executing _checkDependenciesForInstallOrEnable for oxReportsAdmin
Oct 25 13:47:23 +0200 OX-plugins-671b854a33256 [     info]  Executing _checkFiles for oxReportsAdmin
Oct 25 13:47:23 +0200 OX-plugins-671b854a33256 [     info]  Executing _checkNavigationCheckers for oxReportsAdmin
Oct 25 13:47:23 +0200 OX-plugins-671b854a33256 [     info]  Executing _checkMenus for oxReportsAdmin
Oct 25 13:47:23 +0200 OX-plugins-671b854a33256 [     info]  Executing _registerSchema for oxReportsAdmin
Oct 25 13:47:23 +0200 OX-plugins-671b854a33256 [     info]  Executing _registerPreferences for oxReportsAdmin
Oct 25 13:47:23 +0200 OX-plugins-671b854a33256 [     info]  Executing _registerSettings for oxReportsAdmin
Oct 25 13:47:23 +0200 OX-plugins-671b854a33256 [     info]  Executing disableComponentGroup for oxReportsAdmin
Oct 25 13:47:23 +0200 OX-plugins-671b854a33256 [     info]  Executing _registerPluginVersion for oxReportsAdmin
Oct 25 13:47:23 +0200 OX-plugins-671b854a33256 [     info]  Executing _runScript for oxReportsAdmin
Oct 25 13:47:26 +0200 OX-plugins-671b854dd3b46 [     info]  starting _checkPackageContents openXDeliveryCacheStore.xml
Oct 25 13:47:26 +0200 OX-plugins-671b854dd3b46 [     info]  expecting definition openXDeliveryCacheStore.xml
Oct 25 13:47:26 +0200 OX-plugins-671b854dd3b46 [     info]  detected group definition file /plugins/etc/oxMemcached/oxMemcached.xml
Oct 25 13:47:26 +0200 OX-plugins-671b854dd3b46 [     info]  detected plugin definition file /plugins/etc/openXDeliveryCacheStore.xml
Oct 25 13:47:26 +0200 OX-plugins-671b854dd3b46 [     info]  detected group definition file /plugins/etc/oxCacheFile/oxCacheFile.xml
Oct 25 13:47:26 +0200 OX-plugins-671b854dd3b46 [     info]  Executing _checkOpenXCompatibility for oxCacheFile
Oct 25 13:47:26 +0200 OX-plugins-671b854dd3b46 [     info]  Executing _checkSystemEnvironment for oxCacheFile
Oct 25 13:47:26 +0200 OX-plugins-671b854dd3b46 [     info]  Executing _checkDatabaseEnvironment for oxCacheFile
Oct 25 13:47:26 +0200 OX-plugins-671b854dd3b46 [     info]  Executing _runScript for oxCacheFile
Oct 25 13:47:26 +0200 OX-plugins-671b854dd3b46 [     info]  Executing _checkDependenciesForInstallOrEnable for oxCacheFile
Oct 25 13:47:26 +0200 OX-plugins-671b854dd3b46 [     info]  Executing _checkFiles for oxCacheFile
Oct 25 13:47:26 +0200 OX-plugins-671b854dd3b46 [     info]  Executing _checkNavigationCheckers for oxCacheFile
Oct 25 13:47:26 +0200 OX-plugins-671b854dd3b46 [     info]  Executing _checkMenus for oxCacheFile
Oct 25 13:47:26 +0200 OX-plugins-671b854dd3b46 [     info]  Executing _registerSchema for oxCacheFile
Oct 25 13:47:26 +0200 OX-plugins-671b854dd3b46 [     info]  Executing _registerPreferences for oxCacheFile
Oct 25 13:47:26 +0200 OX-plugins-671b854dd3b46 [     info]  Executing _registerSettings for oxCacheFile
Oct 25 13:47:26 +0200 OX-plugins-671b854dd3b46 [     info]  Executing disableComponentGroup for oxCacheFile
Oct 25 13:47:26 +0200 OX-plugins-671b854dd3b46 [     info]  Executing _registerPluginVersion for oxCacheFile
Oct 25 13:47:26 +0200 OX-plugins-671b854dd3b46 [     info]  Executing _runScript for oxCacheFile
Oct 25 13:47:26 +0200 OX-plugins-671b854dd3b46 [     info]  Executing _checkOpenXCompatibility for oxMemcached
Oct 25 13:47:26 +0200 OX-plugins-671b854dd3b46 [     info]  Executing _checkSystemEnvironment for oxMemcached
Oct 25 13:47:26 +0200 OX-plugins-671b854dd3b46 [     info]  Executing _checkDatabaseEnvironment for oxMemcached
Oct 25 13:47:26 +0200 OX-plugins-671b854dd3b46 [     info]  Executing _runScript for oxMemcached
Oct 25 13:47:26 +0200 OX-plugins-671b854dd3b46 [     info]  Executing _checkDependenciesForInstallOrEnable for oxMemcached
Oct 25 13:47:26 +0200 OX-plugins-671b854dd3b46 [     info]  Executing _checkFiles for oxMemcached
Oct 25 13:47:26 +0200 OX-plugins-671b854dd3b46 [     info]  Executing _checkNavigationCheckers for oxMemcached
Oct 25 13:47:26 +0200 OX-plugins-671b854dd3b46 [     info]  Executing _checkMenus for oxMemcached
Oct 25 13:47:26 +0200 OX-plugins-671b854dd3b46 [     info]  Executing _registerSchema for oxMemcached
Oct 25 13:47:26 +0200 OX-plugins-671b854dd3b46 [     info]  Executing _registerPreferences for oxMemcached
Oct 25 13:47:26 +0200 OX-plugins-671b854dd3b46 [     info]  Executing _registerSettings for oxMemcached
Oct 25 13:47:26 +0200 OX-plugins-671b854dd3b46 [     info]  Executing disableComponentGroup for oxMemcached
Oct 25 13:47:26 +0200 OX-plugins-671b854dd3b46 [     info]  Executing _registerPluginVersion for oxMemcached
Oct 25 13:47:26 +0200 OX-plugins-671b854dd3b46 [     info]  Executing _runScript for oxMemcached
Oct 25 13:47:29 +0200 OX-plugins-671b855142e41 [     info]  starting _checkPackageContents openXInvocationTags.xml
Oct 25 13:47:29 +0200 OX-plugins-671b855142e41 [     info]  expecting definition openXInvocationTags.xml
Oct 25 13:47:29 +0200 OX-plugins-671b855142e41 [     info]  detected group definition file /plugins/etc/oxInvocationTags/oxInvocationTags.xml
Oct 25 13:47:29 +0200 OX-plugins-671b855142e41 [     info]  detected plugin definition file /plugins/etc/openXInvocationTags.xml
Oct 25 13:47:30 +0200 OX-plugins-671b855142e41 [     info]  Executing _checkOpenXCompatibility for oxInvocationTags
Oct 25 13:47:30 +0200 OX-plugins-671b855142e41 [     info]  Executing _checkSystemEnvironment for oxInvocationTags
Oct 25 13:47:30 +0200 OX-plugins-671b855142e41 [     info]  Executing _checkDatabaseEnvironment for oxInvocationTags
Oct 25 13:47:30 +0200 OX-plugins-671b855142e41 [     info]  Executing _runScript for oxInvocationTags
Oct 25 13:47:30 +0200 OX-plugins-671b855142e41 [     info]  Executing _checkDependenciesForInstallOrEnable for oxInvocationTags
Oct 25 13:47:30 +0200 OX-plugins-671b855142e41 [     info]  Executing _checkFiles for oxInvocationTags
Oct 25 13:47:30 +0200 OX-plugins-671b855142e41 [     info]  Executing _checkNavigationCheckers for oxInvocationTags
Oct 25 13:47:30 +0200 OX-plugins-671b855142e41 [     info]  Executing _checkMenus for oxInvocationTags
Oct 25 13:47:30 +0200 OX-plugins-671b855142e41 [     info]  Executing _registerSchema for oxInvocationTags
Oct 25 13:47:30 +0200 OX-plugins-671b855142e41 [     info]  Executing _registerPreferences for oxInvocationTags
Oct 25 13:47:30 +0200 OX-plugins-671b855142e41 [     info]  Executing _registerSettings for oxInvocationTags
Oct 25 13:47:30 +0200 OX-plugins-671b855142e41 [     info]  Executing disableComponentGroup for oxInvocationTags
Oct 25 13:47:30 +0200 OX-plugins-671b855142e41 [     info]  Executing _registerPluginVersion for oxInvocationTags
Oct 25 13:47:30 +0200 OX-plugins-671b855142e41 [     info]  Executing _runScript for oxInvocationTags
Oct 25 13:47:33 +0200 OX-plugins-671b855504391 [     info]  starting _checkPackageContents openXDeliveryLog.xml
Oct 25 13:47:33 +0200 OX-plugins-671b855504391 [     info]  expecting definition openXDeliveryLog.xml
Oct 25 13:47:33 +0200 OX-plugins-671b855504391 [     info]  detected group definition file /plugins/etc/oxLogImpression/oxLogImpression.xml
Oct 25 13:47:33 +0200 OX-plugins-671b855504391 [     info]  detected group definition file /plugins/etc/oxDeliveryDataPrepare/oxDeliveryDataPrepare.xml
Oct 25 13:47:33 +0200 OX-plugins-671b855504391 [     info]  detected plugin definition file /plugins/etc/openXDeliveryLog.xml
Oct 25 13:47:33 +0200 OX-plugins-671b855504391 [     info]  detected group definition file /plugins/etc/oxLogConversion/oxLogConversion.xml
Oct 25 13:47:33 +0200 OX-plugins-671b855504391 [     info]  detected group definition file /plugins/etc/oxLogRequest/oxLogRequest.xml
Oct 25 13:47:33 +0200 OX-plugins-671b855504391 [     info]  detected group definition file /plugins/etc/oxLogClick/oxLogClick.xml
Oct 25 13:47:33 +0200 OX-plugins-671b855504391 [     info]  Executing _checkOpenXCompatibility for oxDeliveryDataPrepare
Oct 25 13:47:33 +0200 OX-plugins-671b855504391 [     info]  Executing _checkSystemEnvironment for oxDeliveryDataPrepare
Oct 25 13:47:33 +0200 OX-plugins-671b855504391 [     info]  Executing _checkDatabaseEnvironment for oxDeliveryDataPrepare
Oct 25 13:47:33 +0200 OX-plugins-671b855504391 [     info]  Executing _runScript for oxDeliveryDataPrepare
Oct 25 13:47:33 +0200 OX-plugins-671b855504391 [     info]  Executing _checkDependenciesForInstallOrEnable for oxDeliveryDataPrepare
Oct 25 13:47:33 +0200 OX-plugins-671b855504391 [     info]  Executing _checkFiles for oxDeliveryDataPrepare
Oct 25 13:47:33 +0200 OX-plugins-671b855504391 [     info]  Executing _checkNavigationCheckers for oxDeliveryDataPrepare
Oct 25 13:47:33 +0200 OX-plugins-671b855504391 [     info]  Executing _checkMenus for oxDeliveryDataPrepare
Oct 25 13:47:33 +0200 OX-plugins-671b855504391 [     info]  Executing _registerSchema for oxDeliveryDataPrepare
Oct 25 13:47:33 +0200 OX-plugins-671b855504391 [     info]  Executing _registerPreferences for oxDeliveryDataPrepare
Oct 25 13:47:33 +0200 OX-plugins-671b855504391 [     info]  Executing _registerSettings for oxDeliveryDataPrepare
Oct 25 13:47:33 +0200 OX-plugins-671b855504391 [     info]  Executing disableComponentGroup for oxDeliveryDataPrepare
Oct 25 13:47:33 +0200 OX-plugins-671b855504391 [     info]  Executing _registerPluginVersion for oxDeliveryDataPrepare
Oct 25 13:47:33 +0200 OX-plugins-671b855504391 [     info]  Executing _runScript for oxDeliveryDataPrepare
Oct 25 13:47:33 +0200 OX-plugins-671b855504391 [     info]  Executing _checkOpenXCompatibility for oxLogClick
Oct 25 13:47:33 +0200 OX-plugins-671b855504391 [     info]  Executing _checkSystemEnvironment for oxLogClick
Oct 25 13:47:33 +0200 OX-plugins-671b855504391 [     info]  Executing _checkDatabaseEnvironment for oxLogClick
Oct 25 13:47:33 +0200 OX-plugins-671b855504391 [     info]  Executing _runScript for oxLogClick
Oct 25 13:47:33 +0200 OX-plugins-671b855504391 [     info]  Executing _checkDependenciesForInstallOrEnable for oxLogClick
Oct 25 13:47:33 +0200 OX-plugins-671b855504391 [     info]  Executing _checkFiles for oxLogClick
Oct 25 13:47:33 +0200 OX-plugins-671b855504391 [     info]  Executing _checkNavigationCheckers for oxLogClick
Oct 25 13:47:33 +0200 OX-plugins-671b855504391 [     info]  Executing _checkMenus for oxLogClick
Oct 25 13:47:33 +0200 OX-plugins-671b855504391 [     info]  Executing _registerSchema for oxLogClick
Oct 25 13:47:33 +0200 OX-plugins-671b855504391 [     info]  Executing _registerPreferences for oxLogClick
Oct 25 13:47:33 +0200 OX-plugins-671b855504391 [     info]  Executing _registerSettings for oxLogClick
Oct 25 13:47:33 +0200 OX-plugins-671b855504391 [     info]  Executing disableComponentGroup for oxLogClick
Oct 25 13:47:33 +0200 OX-plugins-671b855504391 [     info]  Executing _registerPluginVersion for oxLogClick
Oct 25 13:47:33 +0200 OX-plugins-671b855504391 [     info]  Executing _runScript for oxLogClick
Oct 25 13:47:33 +0200 OX-plugins-671b855504391 [     info]  Executing _checkOpenXCompatibility for oxLogConversion
Oct 25 13:47:33 +0200 OX-plugins-671b855504391 [     info]  Executing _checkSystemEnvironment for oxLogConversion
Oct 25 13:47:33 +0200 OX-plugins-671b855504391 [     info]  Executing _checkDatabaseEnvironment for oxLogConversion
Oct 25 13:47:33 +0200 OX-plugins-671b855504391 [     info]  Executing _runScript for oxLogConversion
Oct 25 13:47:33 +0200 OX-plugins-671b855504391 [     info]  Executing _checkDependenciesForInstallOrEnable for oxLogConversion
Oct 25 13:47:33 +0200 OX-plugins-671b855504391 [     info]  Executing _checkFiles for oxLogConversion
Oct 25 13:47:33 +0200 OX-plugins-671b855504391 [     info]  Executing _checkNavigationCheckers for oxLogConversion
Oct 25 13:47:33 +0200 OX-plugins-671b855504391 [     info]  Executing _checkMenus for oxLogConversion
Oct 25 13:47:33 +0200 OX-plugins-671b855504391 [     info]  Executing _registerSchema for oxLogConversion
Oct 25 13:47:33 +0200 OX-plugins-671b855504391 [     info]  Executing _registerPreferences for oxLogConversion
Oct 25 13:47:33 +0200 OX-plugins-671b855504391 [     info]  Executing _registerSettings for oxLogConversion
Oct 25 13:47:33 +0200 OX-plugins-671b855504391 [     info]  Executing disableComponentGroup for oxLogConversion
Oct 25 13:47:33 +0200 OX-plugins-671b855504391 [     info]  Executing _registerPluginVersion for oxLogConversion
Oct 25 13:47:33 +0200 OX-plugins-671b855504391 [     info]  Executing _runScript for oxLogConversion
Oct 25 13:47:34 +0200 OX-plugins-671b855504391 [     info]  Executing _checkOpenXCompatibility for oxLogImpression
Oct 25 13:47:34 +0200 OX-plugins-671b855504391 [     info]  Executing _checkSystemEnvironment for oxLogImpression
Oct 25 13:47:34 +0200 OX-plugins-671b855504391 [     info]  Executing _checkDatabaseEnvironment for oxLogImpression
Oct 25 13:47:34 +0200 OX-plugins-671b855504391 [     info]  Executing _runScript for oxLogImpression
Oct 25 13:47:34 +0200 OX-plugins-671b855504391 [     info]  Executing _checkDependenciesForInstallOrEnable for oxLogImpression
Oct 25 13:47:34 +0200 OX-plugins-671b855504391 [     info]  Executing _checkFiles for oxLogImpression
Oct 25 13:47:34 +0200 OX-plugins-671b855504391 [     info]  Executing _checkNavigationCheckers for oxLogImpression
Oct 25 13:47:34 +0200 OX-plugins-671b855504391 [     info]  Executing _checkMenus for oxLogImpression
Oct 25 13:47:34 +0200 OX-plugins-671b855504391 [     info]  Executing _registerSchema for oxLogImpression
Oct 25 13:47:34 +0200 OX-plugins-671b855504391 [     info]  Executing _registerPreferences for oxLogImpression
Oct 25 13:47:34 +0200 OX-plugins-671b855504391 [     info]  Executing _registerSettings for oxLogImpression
Oct 25 13:47:34 +0200 OX-plugins-671b855504391 [     info]  Executing disableComponentGroup for oxLogImpression
Oct 25 13:47:34 +0200 OX-plugins-671b855504391 [     info]  Executing _registerPluginVersion for oxLogImpression
Oct 25 13:47:34 +0200 OX-plugins-671b855504391 [     info]  Executing _runScript for oxLogImpression
Oct 25 13:47:34 +0200 OX-plugins-671b855504391 [     info]  Executing _checkOpenXCompatibility for oxLogRequest
Oct 25 13:47:34 +0200 OX-plugins-671b855504391 [     info]  Executing _checkSystemEnvironment for oxLogRequest
Oct 25 13:47:34 +0200 OX-plugins-671b855504391 [     info]  Executing _checkDatabaseEnvironment for oxLogRequest
Oct 25 13:47:34 +0200 OX-plugins-671b855504391 [     info]  Executing _runScript for oxLogRequest
Oct 25 13:47:34 +0200 OX-plugins-671b855504391 [     info]  Executing _checkDependenciesForInstallOrEnable for oxLogRequest
Oct 25 13:47:34 +0200 OX-plugins-671b855504391 [     info]  Executing _checkFiles for oxLogRequest
Oct 25 13:47:34 +0200 OX-plugins-671b855504391 [     info]  Executing _checkNavigationCheckers for oxLogRequest
Oct 25 13:47:34 +0200 OX-plugins-671b855504391 [     info]  Executing _checkMenus for oxLogRequest
Oct 25 13:47:34 +0200 OX-plugins-671b855504391 [     info]  Executing _registerSchema for oxLogRequest
Oct 25 13:47:34 +0200 OX-plugins-671b855504391 [     info]  Executing _registerPreferences for oxLogRequest
Oct 25 13:47:34 +0200 OX-plugins-671b855504391 [     info]  Executing _registerSettings for oxLogRequest
Oct 25 13:47:34 +0200 OX-plugins-671b855504391 [     info]  Executing disableComponentGroup for oxLogRequest
Oct 25 13:47:34 +0200 OX-plugins-671b855504391 [     info]  Executing _registerPluginVersion for oxLogRequest
Oct 25 13:47:34 +0200 OX-plugins-671b855504391 [     info]  Executing _runScript for oxLogRequest
Oct 25 13:47:37 +0200 OX-plugins-671b855937ac1 [     info]  starting _checkPackageContents openXVideoAds.xml
Oct 25 13:47:37 +0200 OX-plugins-671b855937ac1 [     info]  expecting definition openXVideoAds.xml
Oct 25 13:47:37 +0200 OX-plugins-671b855937ac1 [     info]  detected group definition file /plugins/etc/videoReport/videoReport.xml
Oct 25 13:47:37 +0200 OX-plugins-671b855937ac1 [     info]  detected plugin definition file /plugins/etc/openXVideoAds.xml
Oct 25 13:47:37 +0200 OX-plugins-671b855937ac1 [     info]  detected group definition file /plugins/etc/oxLogVast/oxLogVast.xml
Oct 25 13:47:37 +0200 OX-plugins-671b855937ac1 [     info]  detected group definition file /plugins/etc/vastServeVideoPlayer/vastServeVideoPlayer.xml
Oct 25 13:47:37 +0200 OX-plugins-671b855937ac1 [     info]  detected group definition file /plugins/etc/vastOverlayBannerTypeHtml/vastOverlayBannerTypeHtml.xml
Oct 25 13:47:37 +0200 OX-plugins-671b855937ac1 [     info]  detected group definition file /plugins/etc/vastInlineBannerTypeHtml/vastInlineBannerTypeHtml.xml
Oct 25 13:47:37 +0200 OX-plugins-671b855937ac1 [     info]  Executing _checkOpenXCompatibility for vastInlineBannerTypeHtml
Oct 25 13:47:37 +0200 OX-plugins-671b855937ac1 [     info]  Executing _checkSystemEnvironment for vastInlineBannerTypeHtml
Oct 25 13:47:37 +0200 OX-plugins-671b855937ac1 [     info]  Executing _checkDatabaseEnvironment for vastInlineBannerTypeHtml
Oct 25 13:47:37 +0200 OX-plugins-671b855937ac1 [     info]  Executing _runScript for vastInlineBannerTypeHtml
Oct 25 13:47:37 +0200 OX-plugins-671b855937ac1 [     info]  Executing _checkDependenciesForInstallOrEnable for vastInlineBannerTypeHtml
Oct 25 13:47:37 +0200 OX-plugins-671b855937ac1 [     info]  Executing _checkFiles for vastInlineBannerTypeHtml
Oct 25 13:47:37 +0200 OX-plugins-671b855937ac1 [     info]  Executing _checkNavigationCheckers for vastInlineBannerTypeHtml
Oct 25 13:47:37 +0200 OX-plugins-671b855937ac1 [     info]  Executing _checkMenus for vastInlineBannerTypeHtml
Oct 25 13:47:37 +0200 OX-plugins-671b855937ac1 [     info]  Executing _registerSchema for vastInlineBannerTypeHtml
Oct 25 13:47:38 +0200 OX-plugins-671b855937ac1 [     info]  Executing _registerPreferences for vastInlineBannerTypeHtml
Oct 25 13:47:38 +0200 OX-plugins-671b855937ac1 [     info]  Executing _registerSettings for vastInlineBannerTypeHtml
Oct 25 13:47:38 +0200 OX-plugins-671b855937ac1 [     info]  Executing disableComponentGroup for vastInlineBannerTypeHtml
Oct 25 13:47:38 +0200 OX-plugins-671b855937ac1 [     info]  Executing _registerPluginVersion for vastInlineBannerTypeHtml
Oct 25 13:47:38 +0200 OX-plugins-671b855937ac1 [     info]  Executing _runScript for vastInlineBannerTypeHtml
Oct 25 13:47:38 +0200 OX-plugins-671b855937ac1 [     info]  Executing _checkOpenXCompatibility for vastOverlayBannerTypeHtml
Oct 25 13:47:38 +0200 OX-plugins-671b855937ac1 [     info]  Executing _checkSystemEnvironment for vastOverlayBannerTypeHtml
Oct 25 13:47:38 +0200 OX-plugins-671b855937ac1 [     info]  Executing _checkDatabaseEnvironment for vastOverlayBannerTypeHtml
Oct 25 13:47:38 +0200 OX-plugins-671b855937ac1 [     info]  Executing _runScript for vastOverlayBannerTypeHtml
Oct 25 13:47:38 +0200 OX-plugins-671b855937ac1 [     info]  Executing _checkDependenciesForInstallOrEnable for vastOverlayBannerTypeHtml
Oct 25 13:47:38 +0200 OX-plugins-671b855937ac1 [     info]  Executing _checkFiles for vastOverlayBannerTypeHtml
Oct 25 13:47:38 +0200 OX-plugins-671b855937ac1 [     info]  Executing _checkNavigationCheckers for vastOverlayBannerTypeHtml
Oct 25 13:47:38 +0200 OX-plugins-671b855937ac1 [     info]  Executing _checkMenus for vastOverlayBannerTypeHtml
Oct 25 13:47:38 +0200 OX-plugins-671b855937ac1 [     info]  Executing _registerSchema for vastOverlayBannerTypeHtml
Oct 25 13:47:38 +0200 OX-plugins-671b855937ac1 [     info]  Executing _registerPreferences for vastOverlayBannerTypeHtml
Oct 25 13:47:38 +0200 OX-plugins-671b855937ac1 [     info]  Executing _registerSettings for vastOverlayBannerTypeHtml
Oct 25 13:47:38 +0200 OX-plugins-671b855937ac1 [     info]  Executing disableComponentGroup for vastOverlayBannerTypeHtml
Oct 25 13:47:38 +0200 OX-plugins-671b855937ac1 [     info]  Executing _registerPluginVersion for vastOverlayBannerTypeHtml
Oct 25 13:47:38 +0200 OX-plugins-671b855937ac1 [     info]  Executing _runScript for vastOverlayBannerTypeHtml
Oct 25 13:47:38 +0200 OX-plugins-671b855937ac1 [     info]  Executing _checkOpenXCompatibility for oxLogVast
Oct 25 13:47:38 +0200 OX-plugins-671b855937ac1 [     info]  Executing _checkSystemEnvironment for oxLogVast
Oct 25 13:47:38 +0200 OX-plugins-671b855937ac1 [     info]  Executing _checkDatabaseEnvironment for oxLogVast
Oct 25 13:47:38 +0200 OX-plugins-671b855937ac1 [     info]  Executing _runScript for oxLogVast
Oct 25 13:47:38 +0200 OX-plugins-671b855937ac1 [     info]  Executing _checkDependenciesForInstallOrEnable for oxLogVast
Oct 25 13:47:38 +0200 OX-plugins-671b855937ac1 [     info]  Executing _checkFiles for oxLogVast
Oct 25 13:47:38 +0200 OX-plugins-671b855937ac1 [     info]  Executing _checkNavigationCheckers for oxLogVast
Oct 25 13:47:38 +0200 OX-plugins-671b855937ac1 [     info]  Executing _checkMenus for oxLogVast
Oct 25 13:47:38 +0200 OX-plugins-671b855937ac1 [     info]  Executing _registerSchema for oxLogVast
Oct 25 13:47:38 +0200 OX-plugins-671b855937ac1 [     info]  Executing _registerPreferences for oxLogVast
Oct 25 13:47:38 +0200 OX-plugins-671b855937ac1 [     info]  Executing _registerSettings for oxLogVast
Oct 25 13:47:38 +0200 OX-plugins-671b855937ac1 [     info]  Executing disableComponentGroup for oxLogVast
Oct 25 13:47:38 +0200 OX-plugins-671b855937ac1 [     info]  Executing _registerPluginVersion for oxLogVast
Oct 25 13:47:38 +0200 OX-plugins-671b855937ac1 [     info]  Executing _runScript for oxLogVast
Oct 25 13:47:38 +0200 OX-plugins-671b855937ac1 [     info]  Executing _checkOpenXCompatibility for vastServeVideoPlayer
Oct 25 13:47:38 +0200 OX-plugins-671b855937ac1 [     info]  Executing _checkSystemEnvironment for vastServeVideoPlayer
Oct 25 13:47:38 +0200 OX-plugins-671b855937ac1 [     info]  Executing _checkDatabaseEnvironment for vastServeVideoPlayer
Oct 25 13:47:38 +0200 OX-plugins-671b855937ac1 [     info]  Executing _runScript for vastServeVideoPlayer
Oct 25 13:47:38 +0200 OX-plugins-671b855937ac1 [     info]  Executing _checkDependenciesForInstallOrEnable for vastServeVideoPlayer
Oct 25 13:47:38 +0200 OX-plugins-671b855937ac1 [     info]  Executing _checkFiles for vastServeVideoPlayer
Oct 25 13:47:38 +0200 OX-plugins-671b855937ac1 [     info]  Executing _checkNavigationCheckers for vastServeVideoPlayer
Oct 25 13:47:38 +0200 OX-plugins-671b855937ac1 [     info]  Executing _checkMenus for vastServeVideoPlayer
Oct 25 13:47:38 +0200 OX-plugins-671b855937ac1 [     info]  Executing _registerSchema for vastServeVideoPlayer
Oct 25 13:47:38 +0200 OX-plugins-671b855937ac1 [     info]  Executing _registerPreferences for vastServeVideoPlayer
Oct 25 13:47:38 +0200 OX-plugins-671b855937ac1 [     info]  Executing _registerSettings for vastServeVideoPlayer
Oct 25 13:47:38 +0200 OX-plugins-671b855937ac1 [     info]  Executing disableComponentGroup for vastServeVideoPlayer
Oct 25 13:47:38 +0200 OX-plugins-671b855937ac1 [     info]  Executing _registerPluginVersion for vastServeVideoPlayer
Oct 25 13:47:38 +0200 OX-plugins-671b855937ac1 [     info]  Executing _runScript for vastServeVideoPlayer
Oct 25 13:47:38 +0200 OX-plugins-671b855937ac1 [     info]  Executing _checkOpenXCompatibility for videoReport
Oct 25 13:47:38 +0200 OX-plugins-671b855937ac1 [     info]  Executing _checkSystemEnvironment for videoReport
Oct 25 13:47:38 +0200 OX-plugins-671b855937ac1 [     info]  Executing _checkDatabaseEnvironment for videoReport
Oct 25 13:47:38 +0200 OX-plugins-671b855937ac1 [     info]  Executing _runScript for videoReport
Oct 25 13:47:38 +0200 OX-plugins-671b855937ac1 [     info]  Executing _checkDependenciesForInstallOrEnable for videoReport
Oct 25 13:47:38 +0200 OX-plugins-671b855937ac1 [     info]  Executing _checkFiles for videoReport
Oct 25 13:47:38 +0200 OX-plugins-671b855937ac1 [     info]  Executing _checkNavigationCheckers for videoReport
Oct 25 13:47:38 +0200 OX-plugins-671b855937ac1 [     info]  Executing _checkMenus for videoReport
Oct 25 13:47:38 +0200 OX-plugins-671b855937ac1 [     info]  Executing _registerSchema for videoReport
Oct 25 13:47:38 +0200 OX-plugins-671b855937ac1 [     info]  Executing _registerPreferences for videoReport
Oct 25 13:47:38 +0200 OX-plugins-671b855937ac1 [     info]  Executing _registerSettings for videoReport
Oct 25 13:47:38 +0200 OX-plugins-671b855937ac1 [     info]  Executing disableComponentGroup for videoReport
Oct 25 13:47:38 +0200 OX-plugins-671b855937ac1 [     info]  Executing _registerPluginVersion for videoReport
Oct 25 13:47:38 +0200 OX-plugins-671b855937ac1 [     info]  Executing _runScript for videoReport
Oct 25 13:47:42 +0200 OX-plugins-671b855d50d38 [     info]  starting _checkPackageContents reviveMaxMindGeoIP2.xml
Oct 25 13:47:42 +0200 OX-plugins-671b855d50d38 [     info]  expecting definition reviveMaxMindGeoIP2.xml
Oct 25 13:47:42 +0200 OX-plugins-671b855d50d38 [     info]  detected plugin definition file /plugins/etc/reviveMaxMindGeoIP2.xml
Oct 25 13:47:42 +0200 OX-plugins-671b855d50d38 [     info]  detected group definition file /plugins/etc/rvMaxMindGeoIP2Maintenance/rvMaxMindGeoIP2Maintenance.xml
Oct 25 13:47:42 +0200 OX-plugins-671b855d50d38 [     info]  detected group definition file /plugins/etc/rvMaxMindGeoIP2/rvMaxMindGeoIP2.xml
Oct 25 13:47:42 +0200 OX-plugins-671b855d50d38 [     info]  Executing _checkOpenXCompatibility for rvMaxMindGeoIP2
Oct 25 13:47:42 +0200 OX-plugins-671b855d50d38 [     info]  Executing _checkSystemEnvironment for rvMaxMindGeoIP2
Oct 25 13:47:42 +0200 OX-plugins-671b855d50d38 [     info]  Executing _checkDatabaseEnvironment for rvMaxMindGeoIP2
Oct 25 13:47:42 +0200 OX-plugins-671b855d50d38 [     info]  Executing _runScript for rvMaxMindGeoIP2
Oct 25 13:47:42 +0200 OX-plugins-671b855d50d38 [     info]  Executing _checkDependenciesForInstallOrEnable for rvMaxMindGeoIP2
Oct 25 13:47:42 +0200 OX-plugins-671b855d50d38 [     info]  Executing _checkFiles for rvMaxMindGeoIP2
Oct 25 13:47:42 +0200 OX-plugins-671b855d50d38 [     info]  Executing _checkNavigationCheckers for rvMaxMindGeoIP2
Oct 25 13:47:42 +0200 OX-plugins-671b855d50d38 [     info]  Executing _checkMenus for rvMaxMindGeoIP2
Oct 25 13:47:42 +0200 OX-plugins-671b855d50d38 [     info]  Executing _registerSchema for rvMaxMindGeoIP2
Oct 25 13:47:42 +0200 OX-plugins-671b855d50d38 [     info]  Executing _registerPreferences for rvMaxMindGeoIP2
Oct 25 13:47:42 +0200 OX-plugins-671b855d50d38 [     info]  Executing _registerSettings for rvMaxMindGeoIP2
Oct 25 13:47:42 +0200 OX-plugins-671b855d50d38 [     info]  Executing disableComponentGroup for rvMaxMindGeoIP2
Oct 25 13:47:42 +0200 OX-plugins-671b855d50d38 [     info]  Executing _registerPluginVersion for rvMaxMindGeoIP2
Oct 25 13:47:42 +0200 OX-plugins-671b855d50d38 [     info]  Executing _runScript for rvMaxMindGeoIP2
Oct 25 13:47:42 +0200 OX-plugins-671b855d50d38 [     info]  Executing _checkOpenXCompatibility for rvMaxMindGeoIP2Maintenance
Oct 25 13:47:42 +0200 OX-plugins-671b855d50d38 [     info]  Executing _checkSystemEnvironment for rvMaxMindGeoIP2Maintenance
Oct 25 13:47:42 +0200 OX-plugins-671b855d50d38 [     info]  Executing _checkDatabaseEnvironment for rvMaxMindGeoIP2Maintenance
Oct 25 13:47:42 +0200 OX-plugins-671b855d50d38 [     info]  Executing _runScript for rvMaxMindGeoIP2Maintenance
Oct 25 13:47:42 +0200 OX-plugins-671b855d50d38 [     info]  Executing _checkDependenciesForInstallOrEnable for rvMaxMindGeoIP2Maintenance
Oct 25 13:47:42 +0200 OX-plugins-671b855d50d38 [     info]  Executing _checkFiles for rvMaxMindGeoIP2Maintenance
Oct 25 13:47:42 +0200 OX-plugins-671b855d50d38 [     info]  Executing _checkNavigationCheckers for rvMaxMindGeoIP2Maintenance
Oct 25 13:47:42 +0200 OX-plugins-671b855d50d38 [     info]  Executing _checkMenus for rvMaxMindGeoIP2Maintenance
Oct 25 13:47:42 +0200 OX-plugins-671b855d50d38 [     info]  Executing _registerSchema for rvMaxMindGeoIP2Maintenance
Oct 25 13:47:42 +0200 OX-plugins-671b855d50d38 [     info]  Executing _registerPreferences for rvMaxMindGeoIP2Maintenance
Oct 25 13:47:42 +0200 OX-plugins-671b855d50d38 [     info]  Executing _registerSettings for rvMaxMindGeoIP2Maintenance
Oct 25 13:47:42 +0200 OX-plugins-671b855d50d38 [     info]  Executing disableComponentGroup for rvMaxMindGeoIP2Maintenance
Oct 25 13:47:42 +0200 OX-plugins-671b855d50d38 [     info]  Executing _registerPluginVersion for rvMaxMindGeoIP2Maintenance
Oct 25 13:47:42 +0200 OX-plugins-671b855d50d38 [     info]  Executing _runScript for rvMaxMindGeoIP2Maintenance
Oct 25 13:47:59 +0200 OX-plugins-671b855d50d38 [  warning]  An error occurred trying to download the latest GeoIP2 database: Client error: `GET https://download.maxmind.com/geoip/databases/GeoLite2-City/download?suffix=tar.gz.md5` resulted in a `401 Unauthorized` response:
An account ID and license key are required to use this service.


Oct 25 13:48:03 +0200 OX-plugins-671b85728c09b [     info]  starting _checkPackageContents apVideo.xml
Oct 25 13:48:03 +0200 OX-plugins-671b85728c09b [     info]  expecting definition apVideo.xml
Oct 25 13:48:03 +0200 OX-plugins-671b85728c09b [     info]  detected group definition file /plugins/etc/apVideo/apVideo.xml
Oct 25 13:48:03 +0200 OX-plugins-671b85728c09b [     info]  detected group definition file /plugins/etc/apVideoUI/apVideoUI.xml
Oct 25 13:48:03 +0200 OX-plugins-671b85728c09b [     info]  detected plugin definition file /plugins/etc/apVideo.xml
Oct 25 13:48:03 +0200 OX-plugins-671b85728c09b [     info]  Executing _checkOpenXCompatibility for apVideo
Oct 25 13:48:03 +0200 OX-plugins-671b85728c09b [     info]  Executing _checkSystemEnvironment for apVideo
Oct 25 13:48:03 +0200 OX-plugins-671b85728c09b [     info]  Executing _checkDatabaseEnvironment for apVideo
Oct 25 13:48:03 +0200 OX-plugins-671b85728c09b [     info]  Executing _runScript for apVideo
Oct 25 13:48:03 +0200 OX-plugins-671b85728c09b [     info]  Executing _checkDependenciesForInstallOrEnable for apVideo
Oct 25 13:48:03 +0200 OX-plugins-671b85728c09b [     info]  Executing _checkFiles for apVideo
Oct 25 13:48:03 +0200 OX-plugins-671b85728c09b [     info]  Executing _checkNavigationCheckers for apVideo
Oct 25 13:48:03 +0200 OX-plugins-671b85728c09b [     info]  Executing _checkMenus for apVideo
Oct 25 13:48:03 +0200 OX-plugins-671b85728c09b [     info]  Executing _registerSchema for apVideo
Oct 25 13:48:03 +0200 OX-plugins-671b85728c09b [     info]  Executing _registerPreferences for apVideo
Oct 25 13:48:03 +0200 OX-plugins-671b85728c09b [     info]  Executing _registerSettings for apVideo
Oct 25 13:48:03 +0200 OX-plugins-671b85728c09b [     info]  Executing disableComponentGroup for apVideo
Oct 25 13:48:03 +0200 OX-plugins-671b85728c09b [     info]  Executing _registerPluginVersion for apVideo
Oct 25 13:48:03 +0200 OX-plugins-671b85728c09b [     info]  Executing _runScript for apVideo
Oct 25 13:48:03 +0200 OX-plugins-671b85728c09b [     info]  Executing _checkOpenXCompatibility for apVideoUI
Oct 25 13:48:03 +0200 OX-plugins-671b85728c09b [     info]  Executing _checkSystemEnvironment for apVideoUI
Oct 25 13:48:03 +0200 OX-plugins-671b85728c09b [     info]  Executing _checkDatabaseEnvironment for apVideoUI
Oct 25 13:48:03 +0200 OX-plugins-671b85728c09b [     info]  Executing _runScript for apVideoUI
Oct 25 13:48:03 +0200 OX-plugins-671b85728c09b [     info]  Executing _checkDependenciesForInstallOrEnable for apVideoUI
Oct 25 13:48:03 +0200 OX-plugins-671b85728c09b [     info]  Executing _checkFiles for apVideoUI
Oct 25 13:48:03 +0200 OX-plugins-671b85728c09b [     info]  Executing _checkNavigationCheckers for apVideoUI
Oct 25 13:48:03 +0200 OX-plugins-671b85728c09b [     info]  Executing _checkMenus for apVideoUI
Oct 25 13:48:03 +0200 OX-plugins-671b85728c09b [     info]  Executing _registerSchema for apVideoUI
Oct 25 13:48:03 +0200 OX-plugins-671b85728c09b [     info]  Executing _registerPreferences for apVideoUI
Oct 25 13:48:03 +0200 OX-plugins-671b85728c09b [     info]  Executing _registerSettings for apVideoUI
Oct 25 13:48:03 +0200 OX-plugins-671b85728c09b [     info]  Executing disableComponentGroup for apVideoUI
Oct 25 13:48:03 +0200 OX-plugins-671b85728c09b [     info]  Executing _registerPluginVersion for apVideoUI
Oct 25 13:48:03 +0200 OX-plugins-671b85728c09b [     info]  Executing _runScript for apVideoUI
